[12:08:28] [ServerMain/INFO]: Environment: authHost='https://authserver.mojang.com', accountsHost='https://api.mojang.com', sessionHost='https://sessionserver.mojang.com', servicesHost='https://api.minecraftservices.com', name='PROD'
[12:08:30] [ServerMain/INFO]: Loaded 7 recipes
[12:08:30] [Server thread/INFO]: Starting minecraft server version 1.20.1
[12:08:30] [Server thread/INFO]: Loading properties
[12:08:30] [Server thread/INFO]: This server is running Paper version git-Paper-176 (MC: 1.20.1) (Implementing API version 1.20.1-R0.1-SNAPSHOT) (Git: 517f8fb)
[12:08:31] [Server thread/INFO]: Using 4 threads for Netty based IO
[12:08:31] [Server thread/INFO]: Server Ping Player Sample Count: 12
[12:08:31] [Server thread/WARN]: [!] The timings profiler has been enabled but has been scheduled for removal from Paper in the future.
    We recommend installing the spark profiler as a replacement: https://spark.lucko.me/
    For more information please visit: https://github.com/PaperMC/Paper/issues/8948
[12:08:31] [Server thread/INFO]: [ChunkTaskScheduler] Chunk system is using 1 I/O threads, 4 worker threads, and gen parallelism of 4 threads
[12:08:31] [Server thread/INFO]: Default game type: SURVIVAL
[12:08:31] [Server thread/INFO]: Generating keypair
[12:08:31] [Server thread/INFO]: Starting Minecraft server on *:25565
[12:08:31] [Server thread/INFO]: Using default channel type
[12:08:31] [Server thread/INFO]: Paper: Using Java compression from Velocity.
[12:08:31] [Server thread/INFO]: Paper: Using Java cipher from Velocity.
[12:08:32] [Server thread/INFO]: [MRP] Loading server plugin MRP v1.0
[12:08:32] [Server thread/INFO]: Server permissions file permissions.yml is empty, ignoring it
[12:08:32] [Server thread/INFO]: Preparing level "world"
[12:08:32] [Server thread/INFO]: Preparing start region for dimension minecraft:overworld
[12:08:32] [Server thread/INFO]: Time elapsed: 312 ms
[12:08:32] [Server thread/INFO]: Preparing start region for dimension minecraft:the_nether
[12:08:32] [Server thread/INFO]: Time elapsed: 29 ms
[12:08:32] [Server thread/INFO]: Preparing start region for dimension minecraft:the_end
[12:08:32] [Server thread/INFO]: Time elapsed: 24 ms
[12:08:32] [Server thread/INFO]: [MRP] Enabling MRP v1.0
[12:08:35] [Server thread/INFO]: MRP plugin is enabling
[12:08:35] [Server thread/INFO]: MRP plugin is enabling.
[12:08:35] [Server thread/INFO]: MRP plugin is enabling..
[12:08:35] [Server thread/INFO]: MRP plugin is enabling...
[12:08:35] [Server thread/INFO]: MRP plugin was enabled
[12:08:35] [Server thread/INFO]: Running delayed init tasks
[12:08:35] [Server thread/INFO]: Done (4.230s)! For help, type "help"
[12:08:35] [Server thread/INFO]: Timings Reset
[12:08:37] [User Authenticator #0/INFO]: UUID of player Hrusa_ is 2a62f8e9-8c21-47c4-973d-4502d9ca8cd9
[12:08:39] [Server thread/ERROR]: Could not pass event PlayerJoinEvent to MRP v1.0
java.lang.NullPointerException: Cannot invoke "String.equals(Object)" because the return value of "org.bukkit.configuration.file.FileConfiguration.getString(String)" is null
	at hrusinski.mrp.Listeners.PlayerJoinQuit.PlayerJoinChat(PlayerJoinQuit.java:63) ~[MRP-1.0.jar:?]
	at com.destroystokyo.paper.event.executor.asm.generated.GeneratedEventExecutor2.execute(Unknown Source) ~[?:?]
	at org.bukkit.plugin.EventExecutor$2.execute(EventExecutor.java:77) ~[paper-api-1.20.1-R0.1-SNAPSHOT.jar:?]
	at co.aikar.timings.TimedEventExecutor.execute(TimedEventExecutor.java:81) ~[paper-api-1.20.1-R0.1-SNAPSHOT.jar:git-Paper-176]
	at org.bukkit.plugin.RegisteredListener.callEvent(RegisteredListener.java:70) ~[paper-api-1.20.1-R0.1-SNAPSHOT.jar:?]
	at io.papermc.paper.plugin.manager.PaperEventManager.callEvent(PaperEventManager.java:54) ~[paper-1.20.1.jar:git-Paper-176]
	at io.papermc.paper.plugin.manager.PaperPluginManagerImpl.callEvent(PaperPluginManagerImpl.java:126) ~[paper-1.20.1.jar:git-Paper-176]
	at org.bukkit.plugin.SimplePluginManager.callEvent(SimplePluginManager.java:615) ~[paper-api-1.20.1-R0.1-SNAPSHOT.jar:?]
	at net.minecraft.server.players.PlayerList.placeNewPlayer(PlayerList.java:339) ~[paper-1.20.1.jar:git-Paper-176]
	at net.minecraft.server.network.ServerLoginPacketListenerImpl.placeNewPlayer(ServerLoginPacketListenerImpl.java:202) ~[?:?]
	at net.minecraft.server.network.ServerLoginPacketListenerImpl.handleAcceptedLogin(ServerLoginPacketListenerImpl.java:183) ~[?:?]
	at net.minecraft.server.network.ServerLoginPacketListenerImpl.tick(ServerLoginPacketListenerImpl.java:85) ~[?:?]
	at net.minecraft.network.Connection.tick(Connection.java:602) ~[?:?]
	at net.minecraft.server.network.ServerConnectionListener.tick(ServerConnectionListener.java:234) ~[?:?]
	at net.minecraft.server.MinecraftServer.tickChildren(MinecraftServer.java:1586) ~[paper-1.20.1.jar:git-Paper-176]
	at net.minecraft.server.dedicated.DedicatedServer.tickChildren(DedicatedServer.java:446) ~[paper-1.20.1.jar:git-Paper-176]
	at net.minecraft.server.MinecraftServer.tickServer(MinecraftServer.java:1393) ~[paper-1.20.1.jar:git-Paper-176]
	at net.minecraft.server.MinecraftServer.runServer(MinecraftServer.java:1170) ~[paper-1.20.1.jar:git-Paper-176]
	at net.minecraft.server.MinecraftServer.lambda$spin$0(MinecraftServer.java:317) ~[paper-1.20.1.jar:git-Paper-176]
	at java.lang.Thread.run(Thread.java:833) ~[?:?]
[12:08:39] [Server thread/INFO]: Hrusa_ left city.
[12:08:39] [Server thread/INFO]: Hrusa_[/127.0.0.1:50456] logged in with entity id 159 at ([world]565.8042627081078, 67.0, -364.50357426482145)
[12:08:42] [Async Chat Thread - #1/INFO]: [OOC] Hrusa_ ggg
[12:08:43] [Async Chat Thread - #0/INFO]: [OOC] Hrusa_ ggg
[12:08:44] [Async Chat Thread - #1/INFO]: [OOC] Hrusa_ gg
[12:08:47] [Server thread/INFO]: Hrusa_ issued server command: /me lg kg
[12:08:49] [Server thread/INFO]: Hrusa_ lost connection: Disconnected
[12:08:49] [Server thread/INFO]: Hrusa_ left city.
[12:09:02] [Server thread/INFO]: Stopping the server
[12:09:02] [Server thread/INFO]: Stopping server
[12:09:02] [Server thread/INFO]: [MRP] Disabling MRP v1.0
[12:09:02] [Server thread/INFO]: MRP plugin is disabling
[12:09:02] [Server thread/INFO]: MRP plugin is disabling.
[12:09:02] [Server thread/INFO]: MRP plugin is disabling..
[12:09:02] [Server thread/INFO]: MRP plugin is disabling...
[12:09:02] [Server thread/INFO]: MRP plugin was disabled
[12:09:02] [Server thread/INFO]: Saving players
[12:09:03] [Server thread/INFO]: Saving worlds
[12:09:03] [Server thread/INFO]: Saving chunks for level 'ServerLevel[world]'/minecraft:overworld
[12:09:03] [Server thread/INFO]: [ChunkHolderManager] Waiting 60s for chunk system to halt for world 'world'
[12:09:03] [Server thread/INFO]: [ChunkHolderManager] Halted chunk system for world 'world'
[12:09:03] [Server thread/INFO]: [ChunkHolderManager] Saving all chunkholders for world 'world'
[12:09:04] [Server thread/INFO]: [ChunkHolderManager] Saved 1107 block chunks, 1107 entity chunks, 0 poi chunks in world 'world' in 1,27s
[12:09:04] [Server thread/INFO]: ThreadedAnvilChunkStorage (world): All chunks are saved
[12:09:04] [Server thread/INFO]: Saving chunks for level 'ServerLevel[world_nether]'/minecraft:the_nether
[12:09:04] [Server thread/INFO]: [ChunkHolderManager] Waiting 60s for chunk system to halt for world 'world_nether'
[12:09:04] [Server thread/INFO]: [ChunkHolderManager] Halted chunk system for world 'world_nether'
[12:09:04] [Server thread/INFO]: [ChunkHolderManager] Saving all chunkholders for world 'world_nether'
[12:09:04] [Server thread/INFO]: [ChunkHolderManager] Saved 529 block chunks, 529 entity chunks, 0 poi chunks in world 'world_nether' in 0,47s
[12:09:04] [Server thread/INFO]: ThreadedAnvilChunkStorage (DIM-1): All chunks are saved
[12:09:04] [Server thread/INFO]: Saving chunks for level 'ServerLevel[world_the_end]'/minecraft:the_end
[12:09:04] [Server thread/INFO]: [ChunkHolderManager] Waiting 60s for chunk system to halt for world 'world_the_end'
[12:09:04] [Server thread/INFO]: [ChunkHolderManager] Halted chunk system for world 'world_the_end'
[12:09:04] [Server thread/INFO]: [ChunkHolderManager] Saving all chunkholders for world 'world_the_end'
[12:09:04] [Server thread/INFO]: [ChunkHolderManager] Saved 529 block chunks, 529 entity chunks, 0 poi chunks in world 'world_the_end' in 0,12s
[12:09:04] [Server thread/INFO]: ThreadedAnvilChunkStorage (DIM1): All chunks are saved
[12:09:04] [Server thread/INFO]: ThreadedAnvilChunkStorage: All dimensions are saved
[12:09:04] [Server thread/INFO]: Flushing Chunk IO
[12:09:04] [Server thread/INFO]: Closing Thread Pool
[12:09:04] [Server thread/INFO]: Closing Server
